<?xml version="1.0" encoding="UTF-8"?>
<!-- Generated by org.testng.reporters.JUnitReportReporter -->
<testsuite hostname="DESKTOP-MTICK8R" failures="0" tests="3" name="com.hms.testng.DataProviderExcelExecutionTest" time="0.018" errors="0" timestamp="2023-09-15T15:47:19 GMT-07:00" skipped="0">
  <testcase classname="com.hms.testng.DataProviderExcelExecutionTest" name="getData" time="0.003"/>
  <testcase classname="com.hms.testng.DataProviderExcelExecutionTest" name="getData" time="0.011"/>
  <testcase classname="com.hms.testng.DataProviderExcelExecutionTest" name="getData" time="0.004"/>
</testsuite> <!-- com.hms.testng.DataProviderExcelExecutionTest -->
