<?xml version="1.0" encoding="UTF-8"?>
<!-- Generated by org.testng.reporters.JUnitReportReporter -->
<testsuite hostname="DESKTOP-MTICK8R" failures="0" tests="1" name="com.hms.testng.AddDoctorSpecialization" time="9.406" errors="0" timestamp="2023-09-20T10:31:06 GMT-07:00" skipped="0">
  <testcase classname="com.hms.testng.AddDoctorSpecialization" name="addDoctorSpecialization" time="9.406"/>
</testsuite> <!-- com.hms.testng.AddDoctorSpecialization -->
