<?xml version="1.0" encoding="UTF-8"?>
<!-- Generated by org.testng.reporters.JUnitReportReporter -->
<testsuite hostname="DESKTOP-MTICK8R" failures="0" tests="2" name="com.hms.testng.BaseClassTest" time="0.093" errors="0" timestamp="2023-09-28T10:18:04 GMT-07:00" skipped="0">
  <testcase classname="com.hms.testng.BaseClassTest" name="configTest" time="0.038"/>
  <testcase classname="com.hms.testng.BaseClassTest" name="configTest1" time="0.055"/>
</testsuite> <!-- com.hms.testng.BaseClassTest -->
