<?xml version="1.0" encoding="UTF-8"?>
<!-- Generated by org.testng.reporters.JUnitReportReporter -->
<testsuite hostname="DESKTOP-MTICK8R" failures="0" tests="1" name="com.hms.testng.Simple" time="0.004" errors="0" timestamp="2023-09-19T16:35:37 GMT-07:00" skipped="0">
  <testcase classname="com.hms.testng.Simple" name="simple" time="0.004"/>
</testsuite> <!-- com.hms.testng.Simple -->
