<?xml version="1.0" encoding="UTF-8"?>
<!-- Generated by org.testng.reporters.JUnitReportReporter -->
<testsuite hostname="DESKTOP-MTICK8R" failures="0" tests="2" name="com.hms.testng.AnnotationTest" time="0.021" errors="0" timestamp="2023-09-19T09:26:14 GMT-07:00" skipped="0">
  <testcase classname="com.hms.testng.AnnotationTest" name="sample" time="0.006"/>
  <testcase classname="com.hms.testng.AnnotationTest" name="demo" time="0.015"/>
</testsuite> <!-- com.hms.testng.AnnotationTest -->
