<?xml version="1.0" encoding="UTF-8"?>
<!-- Generated by org.testng.reporters.JUnitReportReporter -->
<testsuite hostname="DESKTOP-MTICK8R" failures="0" tests="2" name="com.hms.testng.DataExecutionTest" time="0.019" errors="0" timestamp="2023-09-20T21:09:35 GMT-07:00" skipped="0">
  <testcase classname="com.hms.testng.DataExecutionTest" name="getData" time="0.015"/>
  <testcase classname="com.hms.testng.DataExecutionTest" name="getData" time="0.004"/>
</testsuite> <!-- com.hms.testng.DataExecutionTest -->
