<?xml version="1.0" encoding="UTF-8"?>
<!-- Generated by org.testng.reporters.JUnitReportReporter -->
<testsuite hostname="DESKTOP-MTICK8R" failures="0" tests="3" name="com.hms.testng.Dummy" time="0.030" errors="0" timestamp="2023-09-24T10:46:34 GMT-07:00" skipped="0">
  <testcase classname="com.hms.testng.Dummy" name="modifyCustomer" time="0.018"/>
  <testcase classname="com.hms.testng.Dummy" name="createCustomer" time="0.003"/>
  <testcase classname="com.hms.testng.Dummy" name="deleteCustomer" time="0.009"/>
</testsuite> <!-- com.hms.testng.Dummy -->
