<?xml version="1.0" encoding="UTF-8"?>
<!-- Generated by org.testng.reporters.JUnitReportReporter -->
<testsuite hostname="DESKTOP-MTICK8R" failures="0" tests="1" name="com.hms.PracticePacage.ReadDataFromHmsCmdTest" time="19.851" errors="0" timestamp="2023-09-06T16:08:12 GMT-07:00" skipped="0">
  <testcase classname="com.hms.PracticePacage.ReadDataFromHmsCmdTest" name="cmdTest" time="19.851"/>
</testsuite> <!-- com.hms.PracticePacage.ReadDataFromHmsCmdTest -->
