<?xml version="1.0" encoding="UTF-8"?>
<!-- Generated by org.testng.reporters.JUnitReportReporter -->
<testsuite hostname="DESKTOP-MTICK8R" failures="0" tests="2" name="com.hms.PracticePacage.DataExecutionTest" time="0.022" errors="0" timestamp="2023-09-15T13:06:05 GMT-07:00" skipped="0">
  <testcase classname="com.hms.PracticePacage.DataExecutionTest" name="getData" time="0.009"/>
  <testcase classname="com.hms.PracticePacage.DataExecutionTest" name="getData" time="0.013"/>
</testsuite> <!-- com.hms.PracticePacage.DataExecutionTest -->
