<?xml version="1.0" encoding="UTF-8"?>
<!-- Generated by org.testng.reporters.JUnitReportReporter -->
<testsuite hostname="DESKTOP-MTICK8R" failures="0" tests="2" name="com.hms.testng.TestScripts" time="0.064" errors="0" timestamp="2023-09-28T10:22:02 GMT-07:00" skipped="0">
  <testcase classname="com.hms.testng.TestScripts" name="configTest1" time="0.032"/>
  <testcase classname="com.hms.testng.TestScripts" name="configTest2" time="0.032"/>
</testsuite> <!-- com.hms.testng.TestScripts -->
