<?xml version="1.0" encoding="UTF-8"?>
<!-- Generated by org.testng.reporters.JUnitReportReporter -->
<testsuite hostname="DESKTOP-MTICK8R" failures="0" tests="4" name="com.hms.PracticePacage.PractiseTest" time="0.031" errors="0" timestamp="2023-09-15T12:30:40 GMT-07:00" skipped="0">
  <testcase classname="com.hms.PracticePacage.PractiseTest" name="createTest" time="0.015"/>
  <testcase classname="com.hms.PracticePacage.PractiseTest" name="editTest" time="0.005"/>
  <testcase classname="com.hms.PracticePacage.PractiseTest" name="editTest" time="0.005"/>
  <testcase classname="com.hms.PracticePacage.PractiseTest" name="deleteTest" time="0.006"/>
</testsuite> <!-- com.hms.PracticePacage.PractiseTest -->
