<?xml version="1.0" encoding="UTF-8"?>
<!-- Generated by org.testng.reporters.JUnitReportReporter -->
<testsuite hostname="DESKTOP-MTICK8R" failures="0" tests="3" name="com.hms.PracticePacage.DataProviderExcelExecutionTest" time="0.020" errors="0" timestamp="2023-09-15T15:18:16 GMT-07:00" skipped="0">
  <testcase classname="com.hms.PracticePacage.DataProviderExcelExecutionTest" name="getData" time="0.004"/>
  <testcase classname="com.hms.PracticePacage.DataProviderExcelExecutionTest" name="getData" time="0.012"/>
  <testcase classname="com.hms.PracticePacage.DataProviderExcelExecutionTest" name="getData" time="0.004"/>
</testsuite> <!-- com.hms.PracticePacage.DataProviderExcelExecutionTest -->
